<?xml version="1.0" encoding="UTF-8"?>
<!-- Generated by org.testng.reporters.JUnitXMLReporter -->
<testsuite hostname="CBT-Naveena" name="Regression1" tests="1" failures="1" timestamp="12 Apr 2017 08:28:24 GMT" time="211.889" errors="0">
  <testcase name="testPaymentScreenContent" time="141.457" classname="com.abof.scripts.PaymentModuleScripts">
    <failure type="org.openqa.selenium.NoSuchElementException" message="An element could not be located on the page using the given search parameters. (WARNING: The server did not provide any stacktrace information)
Command duration or timeout: 4.28 seconds
For documentation on this error, please visit: http://seleniumhq.org/exceptions/no_such_element.html
Build info: version: &amp;apos;3.0.1&amp;apos;, revision: &amp;apos;1969d75&amp;apos;, time: &amp;apos;2016-10-18 09:49:13 -0700&amp;apos;
System info: host: &amp;apos;CBT-Naveena&amp;apos;, ip: &amp;apos;192.168.0.167&amp;apos;, os.name: &amp;apos;Windows 8.1&amp;apos;, os.arch: &amp;apos;amd64&amp;apos;, os.version: &amp;apos;6.3&amp;apos;, java.version: &amp;apos;1.8.0_101&amp;apos;
Driver info: io.appium.java_client.android.AndroidDriver
Capabilities [{app=C:\Users\Administrator\git\abof\abofsit.apk, appPackage=com.abof.android, networkConnectionEnabled=true, noReset=false, warnings={}, databaseEnabled=false, deviceName=G5AXB727E236P4Z, fullReset=true, platform=LINUX, appActivity=com.abof.android.landingpage.view.LandingPageView, desired={app=C:\Users\Administrator\git\abof\abofsit.apk, appPackage=com.abof.android, appActivity=com.abof.android.landingpage.view.LandingPageView, noReset=false, platformVersion=6.0.1, automationName=Appium, platformName=Android, deviceName=ASUS ZEN PHONE, fullReset=true}, platformVersion=6.0.1, webStorageEnabled=false, locationContextEnabled=false, automationName=Appium, browserName=Android, takesScreenshot=true, javascriptEnabled=true, platformName=Android}]
Session ID: 21d5dab9-1449-4f81-ab74-2862b9992ea0
*** Element info: {Using=xpath, value=//android.widget.LinearLayout/android.widget.TextView[contains(@text,&amp;apos;XL&amp;apos;) or contains(@text,&amp;apos;40&amp;apos;)]}">
      <![CDATA[org.openqa.selenium.NoSuchElementException: An element could not be located on the page using the given search parameters. (WARNING: The server did not provide any stacktrace information)
Command duration or timeout: 4.28 seconds
For documentation on this error, please visit: http://seleniumhq.org/exceptions/no_such_element.html
Build info: version: '3.0.1', revision: '1969d75', time: '2016-10-18 09:49:13 -0700'
System info: host: 'CBT-Naveena', ip: '192.168.0.167', os.name: 'Windows 8.1', os.arch: 'amd64', os.version: '6.3', java.version: '1.8.0_101'
Driver info: io.appium.java_client.android.AndroidDriver
Capabilities [{app=C:\Users\Administrator\git\abof\abofsit.apk, appPackage=com.abof.android, networkConnectionEnabled=true, noReset=false, warnings={}, databaseEnabled=false, deviceName=G5AXB727E236P4Z, fullReset=true, platform=LINUX, appActivity=com.abof.android.landingpage.view.LandingPageView, desired={app=C:\Users\Administrator\git\abof\abofsit.apk, appPackage=com.abof.android, appActivity=com.abof.android.landingpage.view.LandingPageView, noReset=false, platformVersion=6.0.1, automationName=Appium, platformName=Android, deviceName=ASUS ZEN PHONE, fullReset=true}, platformVersion=6.0.1, webStorageEnabled=false, locationContextEnabled=false, automationName=Appium, browserName=Android, takesScreenshot=true, javascriptEnabled=true, platformName=Android}]
Session ID: 21d5dab9-1449-4f81-ab74-2862b9992ea0
*** Element info: {Using=xpath, value=//android.widget.LinearLayout/android.widget.TextView[contains(@text,'XL') or contains(@text,'40')]}
	at org.openqa.selenium.remote.ErrorHandler.createThrowable(ErrorHandler.java:216)
	at org.openqa.selenium.remote.ErrorHandler.throwIfResponseFailed(ErrorHandler.java:168)
	at org.openqa.selenium.remote.RemoteWebDriver.execute(RemoteWebDriver.java:635)
	at io.appium.java_client.DefaultGenericMobileDriver.execute(DefaultGenericMobileDriver.java:40)
	at io.appium.java_client.AppiumDriver.execute(AppiumDriver.java:1)
	at io.appium.java_client.android.AndroidDriver.execute(AndroidDriver.java:1)
	at org.openqa.selenium.remote.RemoteWebDriver.findElement(RemoteWebDriver.java:368)
	at io.appium.java_client.DefaultGenericMobileDriver.findElement(DefaultGenericMobileDriver.java:56)
	at io.appium.java_client.AppiumDriver.findElement(AppiumDriver.java:1)
	at io.appium.java_client.android.AndroidDriver.findElement(AndroidDriver.java:1)
	at org.openqa.selenium.remote.RemoteWebDriver.findElementByXPath(RemoteWebDriver.java:473)
	at io.appium.java_client.DefaultGenericMobileDriver.findElementByXPath(DefaultGenericMobileDriver.java:134)
	at io.appium.java_client.AppiumDriver.findElementByXPath(AppiumDriver.java:1)
	at io.appium.java_client.android.AndroidDriver.findElementByXPath(AndroidDriver.java:1)
	at org.openqa.selenium.By$ByXPath.findElement(By.java:361)
	at org.openqa.selenium.remote.RemoteWebDriver.findElement(RemoteWebDriver.java:360)
	at io.appium.java_client.DefaultGenericMobileDriver.findElement(DefaultGenericMobileDriver.java:52)
	at io.appium.java_client.AppiumDriver.findElement(AppiumDriver.java:1)
	at io.appium.java_client.android.AndroidDriver.findElement(AndroidDriver.java:1)
	at com.abof.pageobjects.BrowsePlpPdpPO.pdpFlow(BrowsePlpPdpPO.java:825)
	at com.abof.scripts.PaymentModuleScripts.testPaymentScreenContent(PaymentModuleScripts.java:88)
... Removed 28 stack frames]]>
    </failure>
  </testcase> <!-- testPaymentScreenContent -->
</testsuite> <!-- Regression1 -->
