<?xml version="1.0" encoding="UTF-8"?>
<!-- Generated by org.testng.reporters.JUnitReportReporter -->
<testsuite hostname="CBT-Naveena" name="com.abof.scripts.PaymentModuleScripts" tests="4" failures="0" timestamp="19 Apr 2017 10:31:21 GMT" time="76.604" errors="4">
  <testcase name="testPaymentScreenContent" time="76.555" classname="com.abof.scripts.PaymentModuleScripts">
    <error type="org.openqa.selenium.NoSuchSessionException" message="
Command duration or timeout: 13 milliseconds
Build info: version: &#039;3.0.1&#039;, revision: &#039;1969d75&#039;, time: &#039;2016-10-18 09:49:13 -0700&#039;
System info: host: &#039;CBT-Naveena&#039;, ip: &#039;192.168.0.83&#039;, os.name: &#039;Windows 8.1&#039;, os.arch: &#039;amd64&#039;, os.version: &#039;6.3&#039;, java.version: &#039;1.8.0_101&#039;
Driver info: io.appium.java_client.android.AndroidDriver
Capabilities [{app=C:\Users\Administrator\git\abof\abofprod.apk, appPackage=com.abof.android, networkConnectionEnabled=true, noReset=false, warnings={}, databaseEnabled=false, deviceName=G5AXB727E236P4Z, fullReset=false, platform=LINUX, appActivity=com.abof.android.landingpage.view.LandingPageView, desired={app=C:\Users\Administrator\git\abof\abofprod.apk, appPackage=com.abof.android, appActivity=com.abof.android.landingpage.view.LandingPageView, noReset=false, platformVersion=6.0.1, automationName=Appium, platformName=Android, deviceName=ASUS ZEN PHONE, fullReset=false}, platformVersion=6.0.1, webStorageEnabled=false, locationContextEnabled=false, automationName=Appium, browserName=Android, takesScreenshot=true, javascriptEnabled=true, platformName=Android}]
Session ID: 9d7c4f2d-1d82-45c8-be13-1fe4bebce406">
      <![CDATA[org.openqa.selenium.NoSuchSessionException: 
Command duration or timeout: 13 milliseconds
Build info: version: '3.0.1', revision: '1969d75', time: '2016-10-18 09:49:13 -0700'
System info: host: 'CBT-Naveena', ip: '192.168.0.83', os.name: 'Windows 8.1', os.arch: 'amd64', os.version: '6.3', java.version: '1.8.0_101'
Driver info: io.appium.java_client.android.AndroidDriver
Capabilities [{app=C:\Users\Administrator\git\abof\abofprod.apk, appPackage=com.abof.android, networkConnectionEnabled=true, noReset=false, warnings={}, databaseEnabled=false, deviceName=G5AXB727E236P4Z, fullReset=false, platform=LINUX, appActivity=com.abof.android.landingpage.view.LandingPageView, desired={app=C:\Users\Administrator\git\abof\abofprod.apk, appPackage=com.abof.android, appActivity=com.abof.android.landingpage.view.LandingPageView, noReset=false, platformVersion=6.0.1, automationName=Appium, platformName=Android, deviceName=ASUS ZEN PHONE, fullReset=false}, platformVersion=6.0.1, webStorageEnabled=false, locationContextEnabled=false, automationName=Appium, browserName=Android, takesScreenshot=true, javascriptEnabled=true, platformName=Android}]
Session ID: 9d7c4f2d-1d82-45c8-be13-1fe4bebce406
	at sun.reflect.GeneratedConstructorAccessor24.newInstance(Unknown Source)
	at sun.reflect.DelegatingConstructorAccessorImpl.newInstance(DelegatingConstructorAccessorImpl.java:45)
	at java.lang.reflect.Constructor.newInstance(Constructor.java:423)
	at org.openqa.selenium.remote.ErrorHandler.createThrowable(ErrorHandler.java:216)
	at org.openqa.selenium.remote.ErrorHandler.throwIfResponseFailed(ErrorHandler.java:168)
	at org.openqa.selenium.remote.RemoteWebDriver.execute(RemoteWebDriver.java:635)
	at io.appium.java_client.DefaultGenericMobileDriver.execute(DefaultGenericMobileDriver.java:40)
	at io.appium.java_client.AppiumDriver.execute(AppiumDriver.java:235)
	at org.openqa.selenium.remote.RemoteWebDriver$RemoteWebDriverOptions$RemoteWindow.getSize(RemoteWebDriver.java:858)
	at com.abof.library.BaseLib.swipeBottomToTop(BaseLib.java:130)
	at com.abof.pageobjects.BrowsePlpPdpPO.checkPagination(BrowsePlpPdpPO.java:809)
	at com.abof.scripts.PaymentModuleScripts.testPaymentScreenContent(PaymentModuleScripts.java:81)
	at sun.reflect.NativeMethodAccessorImpl.invoke0(Native Method)
	at sun.reflect.NativeMethodAccessorImpl.invoke(NativeMethodAccessorImpl.java:62)
	at sun.reflect.DelegatingMethodAccessorImpl.invoke(DelegatingMethodAccessorImpl.java:43)
	at java.lang.reflect.Method.invoke(Method.java:498)
	at org.testng.internal.MethodInvocationHelper.invokeMethod(MethodInvocationHelper.java:86)
	at org.testng.internal.Invoker.invokeMethod(Invoker.java:643)
	at org.testng.internal.Invoker.invokeTestMethod(Invoker.java:820)
	at org.testng.internal.Invoker.invokeTestMethods(Invoker.java:1128)
	at org.testng.internal.TestMethodWorker.invokeTestMethods(TestMethodWorker.java:129)
	at org.testng.internal.TestMethodWorker.run(TestMethodWorker.java:112)
	at org.testng.TestRunner.privateRun(TestRunner.java:782)
	at org.testng.TestRunner.run(TestRunner.java:632)
	at org.testng.SuiteRunner.runTest(SuiteRunner.java:366)
	at org.testng.SuiteRunner.runSequentially(SuiteRunner.java:361)
	at org.testng.SuiteRunner.privateRun(SuiteRunner.java:319)
	at org.testng.SuiteRunner.run(SuiteRunner.java:268)
	at org.testng.SuiteRunnerWorker.runSuite(SuiteRunnerWorker.java:52)
	at org.testng.SuiteRunnerWorker.run(SuiteRunnerWorker.java:86)
	at org.testng.TestNG.runSuitesSequentially(TestNG.java:1244)
	at org.testng.TestNG.runSuitesLocally(TestNG.java:1169)
	at org.testng.TestNG.run(TestNG.java:1064)
	at org.testng.remote.AbstractRemoteTestNG.run(AbstractRemoteTestNG.java:132)
	at org.testng.remote.RemoteTestNG.initAndRun(RemoteTestNG.java:230)
	at org.testng.remote.RemoteTestNG.main(RemoteTestNG.java:76)
]]>
    </error>
  </testcase> <!-- testPaymentScreenContent -->
  <testcase name="testWhatHotLandingLookDetails" time="0.016" classname="com.abof.scripts.PaymentModuleScripts">
    <error type="org.openqa.selenium.NoSuchSessionException" message="
Command duration or timeout: 9 milliseconds
Build info: version: &#039;3.0.1&#039;, revision: &#039;1969d75&#039;, time: &#039;2016-10-18 09:49:13 -0700&#039;
System info: host: &#039;CBT-Naveena&#039;, ip: &#039;192.168.0.83&#039;, os.name: &#039;Windows 8.1&#039;, os.arch: &#039;amd64&#039;, os.version: &#039;6.3&#039;, java.version: &#039;1.8.0_101&#039;
Driver info: io.appium.java_client.android.AndroidDriver
Capabilities [{app=C:\Users\Administrator\git\abof\abofprod.apk, appPackage=com.abof.android, networkConnectionEnabled=true, noReset=false, warnings={}, databaseEnabled=false, deviceName=G5AXB727E236P4Z, fullReset=false, platform=LINUX, appActivity=com.abof.android.landingpage.view.LandingPageView, desired={app=C:\Users\Administrator\git\abof\abofprod.apk, appPackage=com.abof.android, appActivity=com.abof.android.landingpage.view.LandingPageView, noReset=false, platformVersion=6.0.1, automationName=Appium, platformName=Android, deviceName=ASUS ZEN PHONE, fullReset=false}, platformVersion=6.0.1, webStorageEnabled=false, locationContextEnabled=false, automationName=Appium, browserName=Android, takesScreenshot=true, javascriptEnabled=true, platformName=Android}]
Session ID: 9d7c4f2d-1d82-45c8-be13-1fe4bebce406">
      <![CDATA[org.openqa.selenium.NoSuchSessionException: 
Command duration or timeout: 9 milliseconds
Build info: version: '3.0.1', revision: '1969d75', time: '2016-10-18 09:49:13 -0700'
System info: host: 'CBT-Naveena', ip: '192.168.0.83', os.name: 'Windows 8.1', os.arch: 'amd64', os.version: '6.3', java.version: '1.8.0_101'
Driver info: io.appium.java_client.android.AndroidDriver
Capabilities [{app=C:\Users\Administrator\git\abof\abofprod.apk, appPackage=com.abof.android, networkConnectionEnabled=true, noReset=false, warnings={}, databaseEnabled=false, deviceName=G5AXB727E236P4Z, fullReset=false, platform=LINUX, appActivity=com.abof.android.landingpage.view.LandingPageView, desired={app=C:\Users\Administrator\git\abof\abofprod.apk, appPackage=com.abof.android, appActivity=com.abof.android.landingpage.view.LandingPageView, noReset=false, platformVersion=6.0.1, automationName=Appium, platformName=Android, deviceName=ASUS ZEN PHONE, fullReset=false}, platformVersion=6.0.1, webStorageEnabled=false, locationContextEnabled=false, automationName=Appium, browserName=Android, takesScreenshot=true, javascriptEnabled=true, platformName=Android}]
Session ID: 9d7c4f2d-1d82-45c8-be13-1fe4bebce406
	at sun.reflect.GeneratedConstructorAccessor24.newInstance(Unknown Source)
	at sun.reflect.DelegatingConstructorAccessorImpl.newInstance(DelegatingConstructorAccessorImpl.java:45)
	at java.lang.reflect.Constructor.newInstance(Constructor.java:423)
	at org.openqa.selenium.remote.ErrorHandler.createThrowable(ErrorHandler.java:216)
	at org.openqa.selenium.remote.ErrorHandler.throwIfResponseFailed(ErrorHandler.java:168)
	at org.openqa.selenium.remote.RemoteWebDriver.execute(RemoteWebDriver.java:635)
	at io.appium.java_client.DefaultGenericMobileDriver.execute(DefaultGenericMobileDriver.java:40)
	at io.appium.java_client.AppiumDriver.execute(AppiumDriver.java:235)
	at io.appium.java_client.AppiumDriver.resetApp(AppiumDriver.java:246)
	at com.abof.library.BaseLib.restapp(BaseLib.java:324)
	at sun.reflect.NativeMethodAccessorImpl.invoke0(Native Method)
	at sun.reflect.NativeMethodAccessorImpl.invoke(NativeMethodAccessorImpl.java:62)
	at sun.reflect.DelegatingMethodAccessorImpl.invoke(DelegatingMethodAccessorImpl.java:43)
	at java.lang.reflect.Method.invoke(Method.java:498)
	at org.testng.internal.MethodInvocationHelper.invokeMethod(MethodInvocationHelper.java:86)
	at org.testng.internal.Invoker.invokeConfigurationMethod(Invoker.java:514)
	at org.testng.internal.Invoker.invokeConfigurations(Invoker.java:215)
	at org.testng.internal.Invoker.invokeMethod(Invoker.java:707)
	at org.testng.internal.Invoker.invokeTestMethod(Invoker.java:820)
	at org.testng.internal.Invoker.invokeTestMethods(Invoker.java:1128)
	at org.testng.internal.TestMethodWorker.invokeTestMethods(TestMethodWorker.java:129)
	at org.testng.internal.TestMethodWorker.run(TestMethodWorker.java:112)
	at org.testng.TestRunner.privateRun(TestRunner.java:782)
	at org.testng.TestRunner.run(TestRunner.java:632)
	at org.testng.SuiteRunner.runTest(SuiteRunner.java:366)
	at org.testng.SuiteRunner.runSequentially(SuiteRunner.java:361)
	at org.testng.SuiteRunner.privateRun(SuiteRunner.java:319)
	at org.testng.SuiteRunner.run(SuiteRunner.java:268)
	at org.testng.SuiteRunnerWorker.runSuite(SuiteRunnerWorker.java:52)
	at org.testng.SuiteRunnerWorker.run(SuiteRunnerWorker.java:86)
	at org.testng.TestNG.runSuitesSequentially(TestNG.java:1244)
	at org.testng.TestNG.runSuitesLocally(TestNG.java:1169)
	at org.testng.TestNG.run(TestNG.java:1064)
	at org.testng.remote.AbstractRemoteTestNG.run(AbstractRemoteTestNG.java:132)
	at org.testng.remote.RemoteTestNG.initAndRun(RemoteTestNG.java:230)
	at org.testng.remote.RemoteTestNG.main(RemoteTestNG.java:76)
]]>
    </error>
  </testcase> <!-- testWhatHotLandingLookDetails -->
  <testcase name="testPaymentCreditCard" time="0.017" classname="com.abof.scripts.PaymentModuleScripts">
    <error type="org.openqa.selenium.NoSuchSessionException" message="
Command duration or timeout: 9 milliseconds
Build info: version: &#039;3.0.1&#039;, revision: &#039;1969d75&#039;, time: &#039;2016-10-18 09:49:13 -0700&#039;
System info: host: &#039;CBT-Naveena&#039;, ip: &#039;192.168.0.83&#039;, os.name: &#039;Windows 8.1&#039;, os.arch: &#039;amd64&#039;, os.version: &#039;6.3&#039;, java.version: &#039;1.8.0_101&#039;
Driver info: io.appium.java_client.android.AndroidDriver
Capabilities [{app=C:\Users\Administrator\git\abof\abofprod.apk, appPackage=com.abof.android, networkConnectionEnabled=true, noReset=false, warnings={}, databaseEnabled=false, deviceName=G5AXB727E236P4Z, fullReset=false, platform=LINUX, appActivity=com.abof.android.landingpage.view.LandingPageView, desired={app=C:\Users\Administrator\git\abof\abofprod.apk, appPackage=com.abof.android, appActivity=com.abof.android.landingpage.view.LandingPageView, noReset=false, platformVersion=6.0.1, automationName=Appium, platformName=Android, deviceName=ASUS ZEN PHONE, fullReset=false}, platformVersion=6.0.1, webStorageEnabled=false, locationContextEnabled=false, automationName=Appium, browserName=Android, takesScreenshot=true, javascriptEnabled=true, platformName=Android}]
Session ID: 9d7c4f2d-1d82-45c8-be13-1fe4bebce406">
      <![CDATA[org.openqa.selenium.NoSuchSessionException: 
Command duration or timeout: 9 milliseconds
Build info: version: '3.0.1', revision: '1969d75', time: '2016-10-18 09:49:13 -0700'
System info: host: 'CBT-Naveena', ip: '192.168.0.83', os.name: 'Windows 8.1', os.arch: 'amd64', os.version: '6.3', java.version: '1.8.0_101'
Driver info: io.appium.java_client.android.AndroidDriver
Capabilities [{app=C:\Users\Administrator\git\abof\abofprod.apk, appPackage=com.abof.android, networkConnectionEnabled=true, noReset=false, warnings={}, databaseEnabled=false, deviceName=G5AXB727E236P4Z, fullReset=false, platform=LINUX, appActivity=com.abof.android.landingpage.view.LandingPageView, desired={app=C:\Users\Administrator\git\abof\abofprod.apk, appPackage=com.abof.android, appActivity=com.abof.android.landingpage.view.LandingPageView, noReset=false, platformVersion=6.0.1, automationName=Appium, platformName=Android, deviceName=ASUS ZEN PHONE, fullReset=false}, platformVersion=6.0.1, webStorageEnabled=false, locationContextEnabled=false, automationName=Appium, browserName=Android, takesScreenshot=true, javascriptEnabled=true, platformName=Android}]
Session ID: 9d7c4f2d-1d82-45c8-be13-1fe4bebce406
	at sun.reflect.GeneratedConstructorAccessor24.newInstance(Unknown Source)
	at sun.reflect.DelegatingConstructorAccessorImpl.newInstance(DelegatingConstructorAccessorImpl.java:45)
	at java.lang.reflect.Constructor.newInstance(Constructor.java:423)
	at org.openqa.selenium.remote.ErrorHandler.createThrowable(ErrorHandler.java:216)
	at org.openqa.selenium.remote.ErrorHandler.throwIfResponseFailed(ErrorHandler.java:168)
	at org.openqa.selenium.remote.RemoteWebDriver.execute(RemoteWebDriver.java:635)
	at io.appium.java_client.DefaultGenericMobileDriver.execute(DefaultGenericMobileDriver.java:40)
	at io.appium.java_client.AppiumDriver.execute(AppiumDriver.java:235)
	at io.appium.java_client.AppiumDriver.resetApp(AppiumDriver.java:246)
	at com.abof.library.BaseLib.restapp(BaseLib.java:324)
	at sun.reflect.NativeMethodAccessorImpl.invoke0(Native Method)
	at sun.reflect.NativeMethodAccessorImpl.invoke(NativeMethodAccessorImpl.java:62)
	at sun.reflect.DelegatingMethodAccessorImpl.invoke(DelegatingMethodAccessorImpl.java:43)
	at java.lang.reflect.Method.invoke(Method.java:498)
	at org.testng.internal.MethodInvocationHelper.invokeMethod(MethodInvocationHelper.java:86)
	at org.testng.internal.Invoker.invokeConfigurationMethod(Invoker.java:514)
	at org.testng.internal.Invoker.invokeConfigurations(Invoker.java:215)
	at org.testng.internal.Invoker.invokeMethod(Invoker.java:707)
	at org.testng.internal.Invoker.invokeTestMethod(Invoker.java:820)
	at org.testng.internal.Invoker.invokeTestMethods(Invoker.java:1128)
	at org.testng.internal.TestMethodWorker.invokeTestMethods(TestMethodWorker.java:129)
	at org.testng.internal.TestMethodWorker.run(TestMethodWorker.java:112)
	at org.testng.TestRunner.privateRun(TestRunner.java:782)
	at org.testng.TestRunner.run(TestRunner.java:632)
	at org.testng.SuiteRunner.runTest(SuiteRunner.java:366)
	at org.testng.SuiteRunner.runSequentially(SuiteRunner.java:361)
	at org.testng.SuiteRunner.privateRun(SuiteRunner.java:319)
	at org.testng.SuiteRunner.run(SuiteRunner.java:268)
	at org.testng.SuiteRunnerWorker.runSuite(SuiteRunnerWorker.java:52)
	at org.testng.SuiteRunnerWorker.run(SuiteRunnerWorker.java:86)
	at org.testng.TestNG.runSuitesSequentially(TestNG.java:1244)
	at org.testng.TestNG.runSuitesLocally(TestNG.java:1169)
	at org.testng.TestNG.run(TestNG.java:1064)
	at org.testng.remote.AbstractRemoteTestNG.run(AbstractRemoteTestNG.java:132)
	at org.testng.remote.RemoteTestNG.initAndRun(RemoteTestNG.java:230)
	at org.testng.remote.RemoteTestNG.main(RemoteTestNG.java:76)
]]>
    </error>
  </testcase> <!-- testPaymentCreditCard -->
  <testcase name="testApplyFilterMoreTxtRecentlyViewedTxtCoupon" time="0.016" classname="com.abof.scripts.PaymentModuleScripts">
    <error type="org.openqa.selenium.NoSuchSessionException" message="
Command duration or timeout: 9 milliseconds
Build info: version: &#039;3.0.1&#039;, revision: &#039;1969d75&#039;, time: &#039;2016-10-18 09:49:13 -0700&#039;
System info: host: &#039;CBT-Naveena&#039;, ip: &#039;192.168.0.83&#039;, os.name: &#039;Windows 8.1&#039;, os.arch: &#039;amd64&#039;, os.version: &#039;6.3&#039;, java.version: &#039;1.8.0_101&#039;
Driver info: io.appium.java_client.android.AndroidDriver
Capabilities [{app=C:\Users\Administrator\git\abof\abofprod.apk, appPackage=com.abof.android, networkConnectionEnabled=true, noReset=false, warnings={}, databaseEnabled=false, deviceName=G5AXB727E236P4Z, fullReset=false, platform=LINUX, appActivity=com.abof.android.landingpage.view.LandingPageView, desired={app=C:\Users\Administrator\git\abof\abofprod.apk, appPackage=com.abof.android, appActivity=com.abof.android.landingpage.view.LandingPageView, noReset=false, platformVersion=6.0.1, automationName=Appium, platformName=Android, deviceName=ASUS ZEN PHONE, fullReset=false}, platformVersion=6.0.1, webStorageEnabled=false, locationContextEnabled=false, automationName=Appium, browserName=Android, takesScreenshot=true, javascriptEnabled=true, platformName=Android}]
Session ID: 9d7c4f2d-1d82-45c8-be13-1fe4bebce406">
      <![CDATA[org.openqa.selenium.NoSuchSessionException: 
Command duration or timeout: 9 milliseconds
Build info: version: '3.0.1', revision: '1969d75', time: '2016-10-18 09:49:13 -0700'
System info: host: 'CBT-Naveena', ip: '192.168.0.83', os.name: 'Windows 8.1', os.arch: 'amd64', os.version: '6.3', java.version: '1.8.0_101'
Driver info: io.appium.java_client.android.AndroidDriver
Capabilities [{app=C:\Users\Administrator\git\abof\abofprod.apk, appPackage=com.abof.android, networkConnectionEnabled=true, noReset=false, warnings={}, databaseEnabled=false, deviceName=G5AXB727E236P4Z, fullReset=false, platform=LINUX, appActivity=com.abof.android.landingpage.view.LandingPageView, desired={app=C:\Users\Administrator\git\abof\abofprod.apk, appPackage=com.abof.android, appActivity=com.abof.android.landingpage.view.LandingPageView, noReset=false, platformVersion=6.0.1, automationName=Appium, platformName=Android, deviceName=ASUS ZEN PHONE, fullReset=false}, platformVersion=6.0.1, webStorageEnabled=false, locationContextEnabled=false, automationName=Appium, browserName=Android, takesScreenshot=true, javascriptEnabled=true, platformName=Android}]
Session ID: 9d7c4f2d-1d82-45c8-be13-1fe4bebce406
	at sun.reflect.GeneratedConstructorAccessor24.newInstance(Unknown Source)
	at sun.reflect.DelegatingConstructorAccessorImpl.newInstance(DelegatingConstructorAccessorImpl.java:45)
	at java.lang.reflect.Constructor.newInstance(Constructor.java:423)
	at org.openqa.selenium.remote.ErrorHandler.createThrowable(ErrorHandler.java:216)
	at org.openqa.selenium.remote.ErrorHandler.throwIfResponseFailed(ErrorHandler.java:168)
	at org.openqa.selenium.remote.RemoteWebDriver.execute(RemoteWebDriver.java:635)
	at io.appium.java_client.DefaultGenericMobileDriver.execute(DefaultGenericMobileDriver.java:40)
	at io.appium.java_client.AppiumDriver.execute(AppiumDriver.java:235)
	at io.appium.java_client.AppiumDriver.resetApp(AppiumDriver.java:246)
	at com.abof.library.BaseLib.restapp(BaseLib.java:324)
	at sun.reflect.NativeMethodAccessorImpl.invoke0(Native Method)
	at sun.reflect.NativeMethodAccessorImpl.invoke(NativeMethodAccessorImpl.java:62)
	at sun.reflect.DelegatingMethodAccessorImpl.invoke(DelegatingMethodAccessorImpl.java:43)
	at java.lang.reflect.Method.invoke(Method.java:498)
	at org.testng.internal.MethodInvocationHelper.invokeMethod(MethodInvocationHelper.java:86)
	at org.testng.internal.Invoker.invokeConfigurationMethod(Invoker.java:514)
	at org.testng.internal.Invoker.invokeConfigurations(Invoker.java:215)
	at org.testng.internal.Invoker.invokeMethod(Invoker.java:707)
	at org.testng.internal.Invoker.invokeTestMethod(Invoker.java:820)
	at org.testng.internal.Invoker.invokeTestMethods(Invoker.java:1128)
	at org.testng.internal.TestMethodWorker.invokeTestMethods(TestMethodWorker.java:129)
	at org.testng.internal.TestMethodWorker.run(TestMethodWorker.java:112)
	at org.testng.TestRunner.privateRun(TestRunner.java:782)
	at org.testng.TestRunner.run(TestRunner.java:632)
	at org.testng.SuiteRunner.runTest(SuiteRunner.java:366)
	at org.testng.SuiteRunner.runSequentially(SuiteRunner.java:361)
	at org.testng.SuiteRunner.privateRun(SuiteRunner.java:319)
	at org.testng.SuiteRunner.run(SuiteRunner.java:268)
	at org.testng.SuiteRunnerWorker.runSuite(SuiteRunnerWorker.java:52)
	at org.testng.SuiteRunnerWorker.run(SuiteRunnerWorker.java:86)
	at org.testng.TestNG.runSuitesSequentially(TestNG.java:1244)
	at org.testng.TestNG.runSuitesLocally(TestNG.java:1169)
	at org.testng.TestNG.run(TestNG.java:1064)
	at org.testng.remote.AbstractRemoteTestNG.run(AbstractRemoteTestNG.java:132)
	at org.testng.remote.RemoteTestNG.initAndRun(RemoteTestNG.java:230)
	at org.testng.remote.RemoteTestNG.main(RemoteTestNG.java:76)
]]>
    </error>
  </testcase> <!-- testApplyFilterMoreTxtRecentlyViewedTxtCoupon -->
</testsuite> <!-- com.abof.scripts.PaymentModuleScripts -->
